INFO (AutoTest001.Log:17)- 进入抖音官网
INFO (AutoTest001.Log:17)- 进入抖音官网ha
INFO (AutoTest001.Log:17)- 进入抖音官网
INFO (AutoTest001.Log:17)- 进入抖音官网
INFO (AutoTest001.Log:19)- 点击登陆按钮
INFO (AutoTest001.Log:17)- 进入抖音官网
INFO (AutoTest001.Log:19)- 点击登陆按钮
INFO (AutoTest001.Log:20)- 进入抖音官网
INFO (AutoTest001.Log:23)- 等待页面加载，等待3秒
INFO (AutoTest001.Log:26)- 点击登陆按钮
INFO (AutoTest001.Log:20)- 进入抖音官网
INFO (AutoTest001.Log:23)- 等待页面加载，等待3秒
INFO (AutoTest001.Log:26)- 点击登陆按钮
INFO (AutoTest001.Log:20)- 进入抖音官网
INFO (AutoTest001.Log:23)- 等待页面加载，等待3秒
INFO (AutoTest001.Log:26)- 点击登陆按钮
INFO (AutoTest001.Log:20)- 进入抖音官网
INFO (AutoTest001.Log:23)- 等待页面加载，等待3秒
INFO (AutoTest001.Log:26)- 点击登陆按钮
INFO (AutoTest001.Log:20)- 进入抖音官网
INFO (AutoTest001.Log:23)- 等待页面加载，等待3秒
INFO (AutoTest001.Log:26)- 点击登陆按钮
INFO (AutoTest001.Log:21)- 进入抖音官网
INFO (AutoTest001.Log:24)- 等待页面加载，等待3秒
INFO (AutoTest001.Log:28)- 点击首页登陆按钮
INFO (AutoTest001.Log:31)- 输入登陆手机号码：13823456121
INFO (AutoTest001.Log:33)- 输入验证码：3456
INFO (AutoTest001.Log:35)- 点击登陆按钮
INFO (AutoTest001.Log:21)- 进入抖音官网
INFO (AutoTest001.Log:24)- 等待页面加载，等待3秒
INFO (AutoTest001.Log:28)- 点击首页登陆按钮
INFO (AutoTest001.Log:31)- 输入登陆手机号码：13823456121
INFO (AutoTest001.Log:33)- 输入验证码：3456
INFO (AutoTest001.Log:35)- 点击登陆按钮
INFO (AutoTest001.Log:21)- 进入抖音官网
INFO (AutoTest001.Log:24)- 等待页面加载，等待3秒
INFO (AutoTest001.Log:28)- 点击首页登陆按钮
INFO (AutoTest001.Log:31)- 输入登陆手机号码：13823456121
INFO (AutoTest001.Log:33)- 输入验证码：3456
INFO (AutoTest001.Log:35)- 点击登陆按钮
INFO (AutoTest001.Log:21)- 进入抖音官网
INFO (AutoTest001.Log:24)- 等待页面加载，等待3秒
INFO (AutoTest001.Log:28)- 点击首页登陆按钮
INFO (AutoTest001.Log:31)- 输入登陆手机号码：13823456121
INFO (AutoTest001.Log:33)- 输入验证码：3456
INFO (AutoTest001.Log:35)- 点击登陆按钮
INFO (AutoTest001.Log:21)- 进入抖音官网
INFO (AutoTest001.Log:24)- 等待页面加载，等待3秒
INFO (AutoTest001.Log:28)- 点击首页登陆按钮
INFO (AutoTest001.Log:33)- 输入登陆手机号码：13823456121
INFO (AutoTest001.Log:35)- 输入验证码：3456
INFO (AutoTest001.Log:37)- 点击登陆按钮
INFO (AutoTest001.Log:59)- 进入抖音官网
INFO (AutoTest001.Log:62)- 等待页面加载，等待3秒
INFO (AutoTest001.Log:66)- 点击首页登陆按钮
INFO (AutoTest001.Log:59)- 进入抖音官网
INFO (AutoTest001.Log:62)- 等待页面加载，等待3秒
INFO (AutoTest001.Log:66)- 点击首页登陆按钮
INFO (AutoTest001.Log:57)- 进入抖音官网
INFO (AutoTest001.Log:60)- 等待页面加载，等待3秒
INFO (AutoTest001.Log:64)- 点击首页登陆按钮
INFO (AutoTest001.Log:57)- 进入抖音官网
INFO (AutoTest001.Log:60)- 等待页面加载，等待3秒
INFO (AutoTest001.Log:64)- 点击首页登陆按钮
INFO (AutoTest001.Log:57)- 进入抖音官网
INFO (AutoTest001.Log:60)- 等待页面加载，等待3秒
INFO (AutoTest001.Log:64)- 点击首页登陆按钮
INFO (AutoTest001.Log:57)- 进入抖音官网
INFO (AutoTest001.Log:60)- 等待页面加载，等待3秒
INFO (AutoTest001.Log:64)- 点击首页登陆按钮
INFO (AutoTest001.Log:71)- 选择密码登录
INFO (AutoTest001.Log:75)- 输入登陆手机号码：15213439159
INFO (AutoTest001.Log:77)- 输入密码：0099333333
INFO (AutoTest001.Log:79)- 点击登陆按钮
INFO (AutoTest001.Log:57)- 进入抖音官网
INFO (AutoTest001.Log:60)- 等待页面加载，等待3秒
INFO (AutoTest001.Log:64)- 点击首页登陆按钮
INFO (AutoTest001.Log:57)- 进入抖音官网
INFO (AutoTest001.Log:60)- 等待页面加载，等待3秒
INFO (AutoTest001.Log:64)- 点击首页登陆按钮
INFO (AutoTest001.Log:71)- 选择密码登录
INFO (AutoTest001.Log:75)- 输入登陆手机号码：15213439159
INFO (AutoTest001.Log:77)- 输入密码：0099333333
INFO (AutoTest001.Log:79)- 点击登陆按钮
INFO (AutoTest001.Log:57)- 进入抖音官网
INFO (AutoTest001.Log:60)- 等待页面加载，等待3秒
INFO (AutoTest001.Log:64)- 点击首页登陆按钮
INFO (AutoTest001.Log:71)- 选择密码登录
INFO (AutoTest001.Log:75)- 输入登陆手机号码：14413439159
INFO (AutoTest001.Log:77)- 输入密码：0099333333
INFO (AutoTest001.Log:79)- 点击登陆按钮
INFO (AutoTest001.Log:57)- 进入抖音官网
INFO (AutoTest001.Log:60)- 等待页面加载，等待3秒
INFO (AutoTest001.Log:64)- 点击首页登陆按钮
INFO (AutoTest001.Log:57)- 进入抖音官网
INFO (AutoTest001.Log:60)- 等待页面加载，等待3秒
INFO (AutoTest001.Log:64)- 点击首页登陆按钮
INFO (AutoTest001.Log:57)- 进入抖音官网
INFO (AutoTest001.Log:60)- 等待页面加载，等待3秒
INFO (AutoTest001.Log:64)- 点击首页登陆按钮
INFO (AutoTest001.Log:57)- 进入抖音官网
INFO (AutoTest001.Log:60)- 等待页面加载，等待3秒
INFO (AutoTest001.Log:64)- 点击首页登陆按钮
INFO (AutoTest001.Log:57)- 进入抖音官网
INFO (AutoTest001.Log:60)- 等待页面加载，等待3秒
INFO (AutoTest001.Log:64)- 点击首页登陆按钮
INFO (AutoTest001.Log:57)- 进入抖音官网
INFO (AutoTest001.Log:60)- 等待页面加载，等待3秒
INFO (AutoTest001.Log:64)- 点击首页登陆按钮
INFO (AutoTest001.Log:57)- 进入抖音官网
INFO (AutoTest001.Log:60)- 等待页面加载，等待3秒
INFO (AutoTest001.Log:64)- 点击首页登陆按钮
INFO (AutoTest001.Log:13)- ========打开chrome浏览器========
INFO (AutoTest001.Log:63)- 进入抖音官网
INFO (AutoTest001.Log:66)- 等待页面加载，等待3秒
INFO (AutoTest001.Log:70)- 点击首页登陆按钮
INFO (AutoTest001.Log:61)- 进入抖音官网
INFO (AutoTest001.Log:64)- 等待页面加载，等待3秒
INFO (AutoTest001.Log:68)- 点击首页登陆按钮
INFO (AutoTest001.Log:75)- 选择密码登录
INFO (AutoTest001.Log:61)- 进入抖音官网
INFO (AutoTest001.Log:64)- 等待页面加载，等待3秒
INFO (AutoTest001.Log:68)- 点击首页登陆按钮
INFO (AutoTest001.Log:61)- 进入抖音官网
INFO (AutoTest001.Log:64)- 等待页面加载，等待3秒
INFO (AutoTest001.Log:68)- 点击首页登陆按钮
INFO (AutoTest001.Log:75)- 选择密码登录
INFO (AutoTest001.Log:79)- 输入登陆手机号码：14413439159
INFO (AutoTest001.Log:81)- 输入密码：0099333333
INFO (AutoTest001.Log:83)- 点击登陆按钮
INFO (AutoTest001.Log:61)- 进入抖音官网
INFO (AutoTest001.Log:64)- 等待页面加载，等待3秒
INFO (AutoTest001.Log:68)- 点击首页登陆按钮
INFO (AutoTest001.Log:75)- 选择密码登录
INFO (AutoTest001.Log:79)- 输入登陆手机号码：14413439159
INFO (AutoTest001.Log:81)- 输入密码：0099333333
INFO (AutoTest001.Log:83)- 点击登陆按钮
INFO (AutoTest001.Log:61)- 进入抖音官网
INFO (AutoTest001.Log:64)- 等待页面加载，等待3秒
INFO (AutoTest001.Log:68)- 点击首页登陆按钮
INFO (AutoTest001.Log:75)- 选择密码登录
INFO (AutoTest001.Log:79)- 输入登陆手机号码：14413439159
INFO (AutoTest001.Log:81)- 输入密码：0099333333
INFO (AutoTest001.Log:83)- 点击登陆按钮
INFO (AutoTest001.Log:14)- ========关闭chrome浏览器========
INFO (AutoTest001.Log:61)- 进入抖音官网
INFO (AutoTest001.Log:64)- 等待页面加载，等待3秒
INFO (AutoTest001.Log:68)- 点击首页登陆按钮
INFO (AutoTest001.Log:75)- 选择密码登录
INFO (AutoTest001.Log:79)- 输入登陆手机号码：14413439159
INFO (AutoTest001.Log:81)- 输入密码：0099333333
INFO (AutoTest001.Log:83)- 点击登陆按钮
INFO (AutoTest001.Log:14)- ========关闭chrome浏览器========
INFO (AutoTest001.Log:61)- 进入抖音官网
INFO (AutoTest001.Log:64)- 等待页面加载，等待3秒
INFO (AutoTest001.Log:68)- 点击首页登陆按钮
INFO (AutoTest001.Log:75)- 选择密码登录
INFO (AutoTest001.Log:79)- 输入登陆手机号码：14413439159
INFO (AutoTest001.Log:81)- 输入密码：0099333333
INFO (AutoTest001.Log:83)- 点击登陆按钮
INFO (AutoTest001.Log:14)- ========关闭chrome浏览器========
INFO (AutoTest001.Log:61)- 进入抖音官网
INFO (AutoTest001.Log:64)- 等待页面加载，等待3秒
INFO (AutoTest001.Log:68)- 点击首页登陆按钮
INFO (AutoTest001.Log:75)- 选择密码登录
INFO (AutoTest001.Log:79)- 输入登陆手机号码：14413439159
INFO (AutoTest001.Log:81)- 输入密码：0099333333
INFO (AutoTest001.Log:83)- 点击登陆按钮
INFO (AutoTest001.Log:14)- ========关闭chrome浏览器========
INFO (AutoTest001.Log:61)- 进入抖音官网
INFO (AutoTest001.Log:64)- 等待页面加载，等待3秒
INFO (AutoTest001.Log:68)- 点击首页登陆按钮
INFO (AutoTest001.Log:75)- 选择密码登录
INFO (AutoTest001.Log:79)- 输入登陆手机号码：14413439159
INFO (AutoTest001.Log:81)- 输入密码：0099333333
INFO (AutoTest001.Log:83)- 点击登陆按钮
INFO (AutoTest001.Log:16)- ========关闭chrome浏览器========
INFO (AutoTest001.Log:61)- 进入抖音官网
INFO (AutoTest001.Log:64)- 等待页面加载，等待3秒
INFO (AutoTest001.Log:68)- 点击首页登陆按钮
INFO (AutoTest001.Log:75)- 选择密码登录
INFO (AutoTest001.Log:79)- 输入登陆手机号码：14413439159
INFO (AutoTest001.Log:81)- 输入密码：0099333333
INFO (AutoTest001.Log:83)- 点击登陆按钮
INFO (AutoTest001.Log:12)- ========关闭chrome浏览器========
INFO (AutoTest001.Log:61)- 进入抖音官网
INFO (AutoTest001.Log:64)- 等待页面加载，等待3秒
INFO (AutoTest001.Log:68)- 点击首页登陆按钮
INFO (AutoTest001.Log:12)- ========关闭chrome浏览器========
INFO (AutoTest001.Log:61)- 进入抖音官网
INFO (AutoTest001.Log:64)- 等待页面加载，等待3秒
INFO (AutoTest001.Log:68)- 点击首页登陆按钮
INFO (AutoTest001.Log:12)- ========关闭chrome浏览器========
INFO (AutoTest001.Log:61)- 进入抖音官网
INFO (AutoTest001.Log:64)- 等待页面加载，等待3秒
INFO (AutoTest001.Log:68)- 点击首页登陆按钮
INFO (AutoTest001.Log:12)- ========关闭chrome浏览器========
INFO (AutoTest001.Log:61)- 进入抖音官网
INFO (AutoTest001.Log:64)- 等待页面加载，等待3秒
INFO (AutoTest001.Log:70)- 点击首页登陆按钮
INFO (AutoTest001.Log:11)- ========关闭chrome浏览器========
INFO (AutoTest001.Log:61)- 进入抖音官网
INFO (AutoTest001.Log:64)- 等待页面加载，等待3秒
INFO (AutoTest001.Log:70)- 点击首页登陆按钮
INFO (AutoTest001.Log:75)- 选择密码登录
INFO (AutoTest001.Log:79)- 输入登陆手机号码：14413439159
INFO (AutoTest001.Log:82)- 输入密码：0099333333
INFO (AutoTest001.Log:85)- 点击登陆按钮
INFO (AutoTest001.Log:11)- ========关闭chrome浏览器========
INFO (AutoTest001.Log:62)- 进入抖音官网
INFO (AutoTest001.Log:65)- 等待页面加载，等待3秒
INFO (AutoTest001.Log:71)- 点击首页登陆按钮
INFO (AutoTest001.Log:11)- ========关闭chrome浏览器========
INFO (AutoTest001.Log:63)- 进入抖音官网
INFO (AutoTest001.Log:66)- 等待页面加载，等待3秒
INFO (AutoTest001.Log:77)- 登录窗口已存在，直接登录操作……
INFO (AutoTest001.Log:88)- 选择密码登录
INFO (AutoTest001.Log:15)- ========关闭chrome浏览器========
INFO (AutoTest001.Log:63)- 进入抖音官网
INFO (AutoTest001.Log:66)- 等待页面加载，等待3秒
INFO (AutoTest001.Log:77)- 登录窗口已存在，直接登录操作……
INFO (AutoTest001.Log:88)- 选择密码登录
INFO (AutoTest001.Log:15)- ========关闭chrome浏览器========
INFO (AutoTest001.Log:63)- 进入抖音官网
INFO (AutoTest001.Log:66)- 等待页面加载，等待3秒
INFO (AutoTest001.Log:77)- 登录窗口已存在，直接登录操作……
INFO (AutoTest001.Log:88)- 选择密码登录
INFO (AutoTest001.Log:92)- 输入登陆手机号码：14413439159
INFO (AutoTest001.Log:95)- 输入密码：0099333333
INFO (AutoTest001.Log:98)- 点击登陆按钮
INFO (AutoTest001.Log:15)- ========关闭chrome浏览器========
INFO (AutoTest001.Log:63)- 进入抖音官网
INFO (AutoTest001.Log:66)- 等待页面加载，等待3秒
INFO (AutoTest001.Log:15)- ========关闭chrome浏览器========
INFO (AutoTest001.Log:63)- 进入抖音官网
INFO (AutoTest001.Log:66)- 等待页面加载，等待3秒
INFO (AutoTest001.Log:15)- ========关闭chrome浏览器========
INFO (AutoTest001.Log:63)- 进入抖音官网
INFO (AutoTest001.Log:66)- 等待页面加载，等待3秒
INFO (AutoTest001.Log:78)- 登录窗口已存在，直接登录操作……
INFO (AutoTest001.Log:89)- 选择密码登录
INFO (AutoTest001.Log:93)- 输入登陆手机号码：14413439159
INFO (AutoTest001.Log:96)- 输入密码：0099333333
INFO (AutoTest001.Log:99)- 点击登陆按钮
INFO (AutoTest001.Log:17)- ========关闭chrome浏览器========
INFO (AutoTest001.Log:63)- 进入抖音官网
INFO (AutoTest001.Log:66)- 等待页面加载，等待3秒
INFO (AutoTest001.Log:17)- ========关闭chrome浏览器========
INFO (AutoTest001.Log:63)- 进入抖音官网
INFO (AutoTest001.Log:66)- 等待页面加载，等待3秒
INFO (AutoTest001.Log:18)- ========关闭chrome浏览器========
INFO (AutoTest001.Log:63)- 进入抖音官网
INFO (AutoTest001.Log:66)- 等待页面加载，等待3秒
INFO (AutoTest001.Log:19)- ========关闭chrome浏览器========
INFO (AutoTest001.Log:63)- 进入抖音官网
INFO (AutoTest001.Log:66)- 等待页面加载，等待3秒
INFO (AutoTest001.Log:19)- ========关闭chrome浏览器========
INFO (AutoTest001.Log:63)- 进入抖音官网
INFO (AutoTest001.Log:66)- 等待页面加载，等待3秒
INFO (AutoTest001.Log:19)- ========关闭chrome浏览器========
INFO (AutoTest001.Log:63)- 进入抖音官网
INFO (AutoTest001.Log:66)- 等待页面加载，等待3秒
INFO (AutoTest001.Log:19)- ========关闭chrome浏览器========
INFO (AutoTest001.Log:63)- 进入抖音官网
INFO (AutoTest001.Log:66)- 等待页面加载，等待3秒
INFO (AutoTest001.Log:82)- 点击首页登陆按钮
INFO (AutoTest001.Log:19)- ========关闭chrome浏览器========
INFO (AutoTest001.Log:63)- 进入抖音官网
INFO (AutoTest001.Log:66)- 等待页面加载，等待3秒
INFO (AutoTest001.Log:78)- 登录窗口已存在，直接登录操作……
INFO (AutoTest001.Log:90)- 选择密码登录
INFO (AutoTest001.Log:94)- 输入登陆手机号码：14413439159
INFO (AutoTest001.Log:97)- 输入密码：0099333333
INFO (AutoTest001.Log:100)- 点击登陆按钮
INFO (AutoTest001.Log:18)- ========关闭chrome浏览器========
INFO (AutoTest001.Log:63)- 进入抖音官网
INFO (AutoTest001.Log:66)- 等待页面加载，等待3秒
INFO (AutoTest001.Log:18)- ========关闭chrome浏览器========
INFO (AutoTest001.Log:65)- 进入抖音官网
INFO (AutoTest001.Log:68)- 等待页面加载，等待3秒
INFO (AutoTest001.Log:18)- ========关闭chrome浏览器========
INFO (AutoTest001.Log:65)- 进入抖音官网
INFO (AutoTest001.Log:68)- 等待页面加载，等待3秒
INFO (AutoTest001.Log:84)- 点击首页登陆按钮
INFO (AutoTest001.Log:92)- 选择密码登录
INFO (AutoTest001.Log:97)- 输入登陆手机号码：14413439159
INFO (AutoTest001.Log:100)- 输入密码：0099333333
INFO (AutoTest001.Log:103)- 点击登陆按钮
INFO (AutoTest001.Log:18)- ========关闭chrome浏览器========
INFO (AutoTest001.Log:65)- 进入抖音官网
INFO (AutoTest001.Log:68)- 等待页面加载，等待3秒
INFO (AutoTest001.Log:84)- 点击首页登陆按钮
INFO (AutoTest001.Log:92)- 选择密码登录
INFO (AutoTest001.Log:97)- 输入登陆手机号码：14413439159
INFO (AutoTest001.Log:100)- 输入密码：0099333333
INFO (AutoTest001.Log:103)- 点击登陆按钮
INFO (AutoTest001.Log:18)- ========关闭chrome浏览器========
INFO (AutoTest001.Log:63)- 进入抖音官网
INFO (AutoTest001.Log:66)- 等待页面加载，等待3秒
INFO (AutoTest001.Log:77)- 登录窗口已存在，直接登录操作……
INFO (AutoTest001.Log:89)- 选择密码登录
INFO (AutoTest001.Log:94)- 输入登陆手机号码：14413439159
INFO (AutoTest001.Log:97)- 输入密码：0099333333
INFO (AutoTest001.Log:100)- 点击登陆按钮
INFO (AutoTest001.Log:18)- ========关闭chrome浏览器========
